0 info it worked if it ends with ok
1 verbose cli [ '/usr/local/bin/node', '/usr/local/bin/npm', 'publish' ]
2 info using npm@1.4.28
3 info using node@v0.10.32
4 verbose publish [ '.' ]
5 verbose cache add [ '.', null ]
6 verbose cache add name=undefined spec="." args=[".",null]
7 verbose parsed url { protocol: null,
7 verbose parsed url   slashes: null,
7 verbose parsed url   auth: null,
7 verbose parsed url   host: null,
7 verbose parsed url   port: null,
7 verbose parsed url   hostname: null,
7 verbose parsed url   hash: null,
7 verbose parsed url   search: null,
7 verbose parsed url   query: null,
7 verbose parsed url   pathname: '.',
7 verbose parsed url   path: '.',
7 verbose parsed url   href: '.' }
8 silly lockFile 3a52ce78- .
9 verbose lock . /Users/denis/.npm/3a52ce78-.lock
10 verbose tar pack [ '/Users/denis/.npm/majTextCounter/1.0.0/package.tgz', '.' ]
11 verbose tarball /Users/denis/.npm/majTextCounter/1.0.0/package.tgz
12 verbose folder .
13 info prepublish majTextCounter@1.0.0
14 silly lockFile 1f1177db-tar tar://.
15 verbose lock tar://. /Users/denis/.npm/1f1177db-tar.lock
16 silly lockFile 13c1f4df-majTextCounter-1-0-0-package-tgz tar:///Users/denis/.npm/majTextCounter/1.0.0/package.tgz
17 verbose lock tar:///Users/denis/.npm/majTextCounter/1.0.0/package.tgz /Users/denis/.npm/13c1f4df-majTextCounter-1-0-0-package-tgz.lock
18 silly lockFile 1f1177db-tar tar://.
19 silly lockFile 1f1177db-tar tar://.
20 silly lockFile 13c1f4df-majTextCounter-1-0-0-package-tgz tar:///Users/denis/.npm/majTextCounter/1.0.0/package.tgz
21 silly lockFile 13c1f4df-majTextCounter-1-0-0-package-tgz tar:///Users/denis/.npm/majTextCounter/1.0.0/package.tgz
22 silly lockFile 4d885237-npm-majTextCounter-1-0-0-package /Users/denis/.npm/majTextCounter/1.0.0/package
23 verbose lock /Users/denis/.npm/majTextCounter/1.0.0/package /Users/denis/.npm/4d885237-npm-majTextCounter-1-0-0-package.lock
24 silly lockFile 4d885237-npm-majTextCounter-1-0-0-package /Users/denis/.npm/majTextCounter/1.0.0/package
25 silly lockFile 4d885237-npm-majTextCounter-1-0-0-package /Users/denis/.npm/majTextCounter/1.0.0/package
26 silly lockFile 3a52ce78- .
27 silly lockFile 3a52ce78- .
28 silly publish { authors:
28 silly publish    { name: 'miseajour (https://github.com/supernini/majTextCounter)',
28 silly publish      url: 'http://www.miseajour.net' },
28 silly publish   license: 'MIT',
28 silly publish   name: 'majTextCounter',
28 silly publish   description: 'A jQuery plugin for counting and limiting characters/words on text input, or textarea and element using .val() method.',
28 silly publish   version: '1.0.0',
28 silly publish   keywords: [ 'jquery', 'input', 'textarea', 'counter', 'plugin' ],
28 silly publish   repository:
28 silly publish    { type: 'git',
28 silly publish      url: 'https://github.com/supernini/majTextCounter.git' },
28 silly publish   bugs: { url: 'https://github.com/supernini/majTextCounter/issues' },
28 silly publish   main:
28 silly publish    [ './javascripts/maj-text-counter.js',
28 silly publish      './stylesheets/maj-text-counter.css.css' ],
28 silly publish   files:
28 silly publish    [ 'ChangeLog.md',
28 silly publish      'maj-text-counter.js',
28 silly publish      'maj-text-counter.css.css',
28 silly publish      'README.md' ],
28 silly publish   dependencies: { jquery: '>=1.7.0' },
28 silly publish   devDependencies:
28 silly publish    { grunt: '~0.4.1',
28 silly publish      'grunt-contrib-connect': '~0.5.0',
28 silly publish      'grunt-contrib-jshint': '~0.7.1',
28 silly publish      'grunt-contrib-uglify': '~0.2.7' },
28 silly publish   optionalDependencies: {},
28 silly publish   readme: '# maj Text Counter Plugin\n\nA jQuery plugin for counting and limiting characters/words on text input, or textarea, elements (using .val()).\n\n## Installation\n\nInclude script after the jQuery library:\n\n```html\n<script src="/javascripts/maj-text-counter.js"></script>\n```\n\n## Usage\n\nBasic usage:\n\n```javascript\n$(\'input\').majTextCounter();\n```\n\nLimit to a maximum words count:\n\n```javascript\n$(\'input\').majTextCounter({\n\twordLimit: 10,\n});\n```\n\nLimit to a maximum caracters count:\n\n```javascript\n$(\'input\').majTextCounter({\n\tcarLimit: 10,\n});\n```\n\nSpeak french ?:\n\n```javascript\n$(\'input\').majTextCounter({\n    words: "mots",\n    letters: "lettres",\n    separator: " & ",\n    maximum: "MAX :",\n});\n```\n\n## Elements\n\nBy default the plugin add the following element after the input/textarea:\n\n```html\n<span class="maj-text-counter">2 words | 14 letters</span>\n```\n\n## Development\n\n- Source hosted at [GitHub](https://github.com/supernini/majTextCounter)\n- Report issues, questions, feature requests on [GitHub Issues](https://github.com/supernini/majTextCounter/issues)\n\n\n## Authors\n\n[miseajour.net](http://www.miseajour.net)\n',
28 silly publish   readmeFilename: 'README.md',
28 silly publish   gitHead: '9678913a57bc7de3f7fe59d2f1b06ef0ff991fc1',
28 silly publish   homepage: 'https://github.com/supernini/majTextCounter',
28 silly publish   _id: 'majTextCounter@1.0.0',
28 silly publish   scripts: {},
28 silly publish   _shasum: '94fef35ccd9fc70eb7f90a639d37b9d4d5c2943d',
28 silly publish   _from: '.' }
29 verbose request where is /majTextCounter
30 verbose request registry https://registry.npmjs.org/
31 verbose request id 00b5a7bcd5fea087
32 verbose url raw /majTextCounter
33 verbose url resolving [ 'https://registry.npmjs.org/', './majTextCounter' ]
34 verbose url resolved https://registry.npmjs.org/majTextCounter
35 verbose request where is https://registry.npmjs.org/majTextCounter
36 info trying registry request attempt 1 at 13:52:38
37 http PUT https://registry.npmjs.org/majTextCounter
38 http 403 https://registry.npmjs.org/majTextCounter
39 verbose headers { date: 'Thu, 30 Oct 2014 17:52:36 GMT',
39 verbose headers   server: 'CouchDB/1.5.0 (Erlang OTP/R16B03)',
39 verbose headers   'content-type': 'application/json',
39 verbose headers   'cache-control': 'max-age=60',
39 verbose headers   'content-length': '76',
39 verbose headers   'accept-ranges': 'bytes',
39 verbose headers   via: '1.1 varnish',
39 verbose headers   'x-served-by': 'cache-atl6223-ATL',
39 verbose headers   'x-cache': 'MISS',
39 verbose headers   'x-cache-hits': '0',
39 verbose headers   'x-timer': 'S1414691556.369760,VS0,VE80',
39 verbose headers   'keep-alive': 'timeout=10, max=50',
39 verbose headers   connection: 'Keep-Alive' }
40 error publish Failed PUT 403
41 error Error: forbidden New packages must have all-lowercase names: majTextCounter
41 error     at RegClient.<anonymous> (/usr/local/lib/node_modules/npm/node_modules/npm-registry-client/lib/request.js:308:14)
41 error     at Request._callback (/usr/local/lib/node_modules/npm/node_modules/npm-registry-client/lib/request.js:246:65)
41 error     at Request.self.callback (/usr/local/lib/node_modules/npm/node_modules/request/request.js:236:22)
41 error     at Request.emit (events.js:98:17)
41 error     at Request.<anonymous> (/usr/local/lib/node_modules/npm/node_modules/request/request.js:1142:14)
41 error     at Request.emit (events.js:117:20)
41 error     at IncomingMessage.<anonymous> (/usr/local/lib/node_modules/npm/node_modules/request/request.js:1096:12)
41 error     at IncomingMessage.emit (events.js:117:20)
41 error     at _stream_readable.js:943:16
41 error     at process._tickCallback (node.js:419:13)
42 error If you need help, you may report this *entire* log,
42 error including the npm and node versions, at:
42 error     <http://github.com/npm/npm/issues>
43 error System Darwin 13.4.0
44 error command "/usr/local/bin/node" "/usr/local/bin/npm" "publish"
45 error cwd /Users/denis/Sites/Projects/00-Miseajour.net/jQuery/plugins/majTextCounter
46 error node -v v0.10.32
47 error npm -v 1.4.28
48 verbose exit [ 1, true ]
